<?xml version="1.0" encoding="UTF-8"?>
<testsuites name="Search_WithoutLogin" time="0.487" tests="2" failures="0" errors="2">
   <testsuite name="Search_WithoutLogin" tests="2" failures="0" errors="2" time="0.487" skipped="0" timestamp="2023-06-24 13:26:34" hostname="Preethi Kutty - DESKTOP-90FTU1C" id="Test Suites/Search_WithoutLogin">
      <properties>
         <property name="deviceName" value=""/>
         <property name="devicePlatform" value=""/>
         <property name="logFolder" value="G:\\Preethi\\Amzon\\Reports\\20230624_132533\\Search_WithoutLogin\\20230624_132602"/>
         <property name="logFiles" value="G:\\Preethi\\Amzon\\Reports\\20230624_132533\\Search_WithoutLogin\\20230624_132602\\execution0.log"/>
         <property name="attachments" value=""/>
         <property name="hostName" value="Preethi Kutty - DESKTOP-90FTU1C"/>
         <property name="hostAddress" value="169.254.36.255"/>
         <property name="os" value="Windows 10 64bit"/>
         <property name="katalonVersion" value="8.5.5.208"/>
      </properties>
      <testcase name="Test Cases/Common/TC_Launch" time="0.036" classname="Test Cases/Common/TC_Launch" status="ERROR">
         <error type="ERROR" message="Test Cases/Common/TC_Launch has ERROR(s).
Reason:
java.io.FileNotFoundException: File '' does not exist"/>
         <system-out><![CDATA[2023-06-24 13:26:34 - [TEST_CASE][ERROR] - Test Cases/Common/TC_Launch: Test Cases/Common/TC_Launch has ERROR(s).
Reason:
java.io.FileNotFoundException: File '' does not exist]]></system-out>
         <system-err><![CDATA[2023-06-24 13:26:34 - [TEST_CASE][ERROR] - Test Cases/Common/TC_Launch: Test Cases/Common/TC_Launch has ERROR(s).
Reason:
java.io.FileNotFoundException: File '' does not exist]]></system-err>
      </testcase>
      <testcase name="Test Cases/Shopping/TC_Search" time="0.014" classname="Test Cases/Shopping/TC_Search" status="ERROR">
         <error type="ERROR" message="Test Cases/Shopping/TC_Search has ERROR(s).
Reason:
java.io.FileNotFoundException: File '' does not exist"/>
         <system-out><![CDATA[2023-06-24 13:26:34 - [TEST_CASE][ERROR] - Test Cases/Shopping/TC_Search: Test Cases/Shopping/TC_Search has ERROR(s).
Reason:
java.io.FileNotFoundException: File '' does not exist]]></system-out>
         <system-err><![CDATA[2023-06-24 13:26:34 - [TEST_CASE][ERROR] - Test Cases/Shopping/TC_Search: Test Cases/Shopping/TC_Search has ERROR(s).
Reason:
java.io.FileNotFoundException: File '' does not exist]]></system-err>
      </testcase>
      <system-out><![CDATA[2023-06-24 13:26:34 - [TEST_SUITE][ERROR] - Search_WithoutLogin: Test Cases/Common/TC_Launch has ERROR(s).
Reason:
java.io.FileNotFoundException: File '' does not exist]]></system-out>
      <system-err><![CDATA[2023-06-24 13:26:34 - [TEST_SUITE][ERROR] - Search_WithoutLogin: Test Cases/Common/TC_Launch has ERROR(s).
Reason:
java.io.FileNotFoundException: File '' does not exist]]></system-err>
   </testsuite>
</testsuites>
