<?xml version="1.0" encoding="UTF-8"?>
<testsuites name="Searech_Checkout" time="109.018" tests="5" failures="0" errors="0">
   <testsuite name="Searech_Checkout" tests="5" failures="0" errors="0" time="109.018" skipped="0" timestamp="2023-06-30 09:08:00" hostname="Preethi Kutty - DESKTOP-90FTU1C" id="Test Suites/Searech_Checkout">
      <properties>
         <property name="deviceName" value=""/>
         <property name="devicePlatform" value=""/>
         <property name="logFolder" value="G:\\Preethi\\Amzon\\Reports\\20230630_090738\\Searech_Checkout\\20230630_090738"/>
         <property name="logFiles" value="G:\\Preethi\\Amzon\\Reports\\20230630_090738\\Searech_Checkout\\20230630_090738\\execution0.log"/>
         <property name="attachments" value=""/>
         <property name="hostName" value="Preethi Kutty - DESKTOP-90FTU1C"/>
         <property name="os" value="Windows 10 64bit"/>
         <property name="katalonVersion" value="8.5.5.208"/>
         <property name="browser" value="Chrome 114.0.0.0"/>
         <property name="hostAddress" value="169.254.36.255"/>
         <property name="sessionId" value="7444068ff54336ce1e0a359e1df7ace9"/>
         <property name="seleniumVersion" value="3.141.59"/>
         <property name="proxyInformation" value="ProxyInformation { proxyOption=NO_PROXY, proxyServerType=HTTP, username=, password=********, proxyServerAddress=, proxyServerPort=0, executionList=&quot;&quot;, isApplyToDesiredCapabilities=true }"/>
         <property name="platform" value="Windows 10"/>
      </properties>
      <testcase name="Test Cases/Common/TC_Launch" time="21.769" classname="Test Cases/Common/TC_Launch" status="PASSED">
         <system-out><![CDATA[2023-06-30 09:08:01 - [TEST_CASE][PASSED] - Test Cases/Common/TC_Launch: Test Cases/Common/TC_Launch

2023-06-30 09:08:02 - [TEST_STEP][PASSED] - openBrowser("https://www.amazon.in/"): Browser is opened with url: 'https://www.amazon.in/'

2023-06-30 09:08:02 - [MESSAGE][INFO] - Starting 'Chrome' driver

2023-06-30 09:08:03 - [MESSAGE][INFO] - Action delay is set to 0 milliseconds

2023-06-30 09:08:18 - [MESSAGE][PASSED] - Browser is opened with url: 'https://www.amazon.in/'

2023-06-30 09:08:18 - [TEST_STEP][PASSED] - maximizeWindow(): Current window maximized

2023-06-30 09:08:19 - [MESSAGE][PASSED] - Current window maximized

2023-06-30 09:08:19 - [TEST_STEP][PASSED] - delay(4): Delayed 4 second(s)

2023-06-30 09:08:23 - [MESSAGE][PASSED] - Delayed 4 second(s)]]></system-out>
         <system-err><![CDATA[]]></system-err>
      </testcase>
      <testcase name="Test Cases/Shopping/TC_FirstSearch" time="51.212" classname="Test Cases/Shopping/TC_FirstSearch" status="PASSED">
         <system-out><![CDATA[2023-06-30 09:08:23 - [TEST_CASE][PASSED] - Test Cases/Shopping/TC_FirstSearch: Test Cases/Shopping/TC_FirstSearch

2023-06-30 09:08:23 - [TEST_STEP][PASSED] - delay(2): Delayed 2 second(s)

2023-06-30 09:08:25 - [MESSAGE][PASSED] - Delayed 2 second(s)

2023-06-30 09:08:25 - [TEST_STEP][PASSED] - click(findTestObject("Object Repository/Search/txt_Search")): Object: 'Object Repository/Search/txt_Search' is clicked on

2023-06-30 09:08:26 - [MESSAGE][PASSED] - Object: 'Object Repository/Search/txt_Search' is clicked on

2023-06-30 09:08:26 - [TEST_STEP][PASSED] - delay(2): Delayed 2 second(s)

2023-06-30 09:08:28 - [MESSAGE][PASSED] - Delayed 2 second(s)

2023-06-30 09:08:28 - [TEST_STEP][PASSED] - setText(findTestObject("Object Repository/Search/txt_Search"), "black water bottle"): Text 'black water bottle' is set on object 'Object Repository/Search/txt_Search'

2023-06-30 09:08:29 - [MESSAGE][PASSED] - Text 'black water bottle' is set on object 'Object Repository/Search/txt_Search'

2023-06-30 09:08:29 - [TEST_STEP][PASSED] - delay(3): Delayed 3 second(s)

2023-06-30 09:08:32 - [MESSAGE][PASSED] - Delayed 3 second(s)

2023-06-30 09:08:32 - [TEST_STEP][PASSED] - sendKeys(findTestObject("Object Repository/Search/txt_Search"), Keys.chord(ENTER)): Keys 'ENTER + ' sent to object: 'Object Repository/Search/txt_Search'

2023-06-30 09:08:42 - [MESSAGE][PASSED] - Keys 'ENTER + ' sent to object: 'Object Repository/Search/txt_Search'

2023-06-30 09:08:42 - [TEST_STEP][PASSED] - delay(2): Delayed 2 second(s)

2023-06-30 09:08:44 - [MESSAGE][PASSED] - Delayed 2 second(s)

2023-06-30 09:08:44 - [TEST_STEP][PASSED] - click(findTestObject("Object Repository/Search/wel_ItemImg")): Object: 'Object Repository/Search/wel_ItemImg' is clicked on

2023-06-30 09:08:45 - [MESSAGE][PASSED] - Object: 'Object Repository/Search/wel_ItemImg' is clicked on

2023-06-30 09:08:45 - [TEST_STEP][PASSED] - delay(4): Delayed 4 second(s)

2023-06-30 09:08:49 - [MESSAGE][PASSED] - Delayed 4 second(s)

2023-06-30 09:08:49 - [TEST_STEP][PASSED] - switchToWindowIndex(1): Switched to window with index: '1'

2023-06-30 09:08:49 - [MESSAGE][PASSED] - Switched to window with index: '1'

2023-06-30 09:08:49 - [TEST_STEP][PASSED] - delay(4): Delayed 4 second(s)

2023-06-30 09:08:53 - [MESSAGE][PASSED] - Delayed 4 second(s)

2023-06-30 09:08:53 - [TEST_STEP][PASSED] - click(findTestObject("Object Repository/Search/btn_AddCart")): Object: 'Object Repository/Search/btn_AddCart' is clicked on

2023-06-30 09:09:14 - [MESSAGE][PASSED] - Object: 'Object Repository/Search/btn_AddCart' is clicked on]]></system-out>
         <system-err><![CDATA[]]></system-err>
      </testcase>
      <testcase name="Test Cases/Shopping/TC_CheckOut" time="7.644" classname="Test Cases/Shopping/TC_CheckOut" status="PASSED">
         <system-out><![CDATA[2023-06-30 09:09:14 - [TEST_CASE][PASSED] - Test Cases/Shopping/TC_CheckOut: Test Cases/Shopping/TC_CheckOut

2023-06-30 09:09:14 - [TEST_STEP][PASSED] - delay(4): Delayed 4 second(s)

2023-06-30 09:09:18 - [MESSAGE][PASSED] - Delayed 4 second(s)

2023-06-30 09:09:18 - [TEST_STEP][PASSED] - click(findTestObject("Object Repository/pge_CheckOut/btn_CheckOut")): Object: 'Object Repository/pge_CheckOut/btn_CheckOut' is clicked on

2023-06-30 09:09:21 - [MESSAGE][PASSED] - Object: 'Object Repository/pge_CheckOut/btn_CheckOut' is clicked on]]></system-out>
         <system-err><![CDATA[]]></system-err>
      </testcase>
      <testcase name="Test Cases/Common/TC_Inter_Login" time="20.452" classname="Test Cases/Common/TC_Inter_Login" status="PASSED">
         <system-out><![CDATA[2023-06-30 09:09:21 - [TEST_CASE][PASSED] - Test Cases/Common/TC_Inter_Login: Test Cases/Common/TC_Inter_Login

2023-06-30 09:09:22 - [TEST_STEP][PASSED] - delay(2): Delayed 2 second(s)

2023-06-30 09:09:24 - [MESSAGE][PASSED] - Delayed 2 second(s)

2023-06-30 09:09:24 - [TEST_STEP][PASSED] - setText(findTestObject("Object Repository/Common/txt_UserName"), "preethijeffy@gmail.com"): Text 'preethijeffy@gmail.com' is set on object 'Object Repository/Common/txt_UserName'

2023-06-30 09:09:25 - [MESSAGE][PASSED] - Text 'preethijeffy@gmail.com' is set on object 'Object Repository/Common/txt_UserName'

2023-06-30 09:09:25 - [TEST_STEP][PASSED] - delay(1): Delayed 1 second(s)

2023-06-30 09:09:26 - [MESSAGE][PASSED] - Delayed 1 second(s)

2023-06-30 09:09:26 - [TEST_STEP][PASSED] - click(findTestObject("Object Repository/Common/btn_continue")): Object: 'Object Repository/Common/btn_continue' is clicked on

2023-06-30 09:09:29 - [MESSAGE][PASSED] - Object: 'Object Repository/Common/btn_continue' is clicked on

2023-06-30 09:09:29 - [TEST_STEP][PASSED] - delay(4): Delayed 4 second(s)

2023-06-30 09:09:33 - [MESSAGE][PASSED] - Delayed 4 second(s)

2023-06-30 09:09:33 - [TEST_STEP][PASSED] - setText(findTestObject("Object Repository/Common/txt_Password"), "jesuslord1221*"): Text 'jesuslord1221*' is set on object 'Object Repository/Common/txt_Password'

2023-06-30 09:09:33 - [MESSAGE][PASSED] - Text 'jesuslord1221*' is set on object 'Object Repository/Common/txt_Password'

2023-06-30 09:09:33 - [TEST_STEP][PASSED] - delay(2): Delayed 2 second(s)

2023-06-30 09:09:35 - [MESSAGE][PASSED] - Delayed 2 second(s)

2023-06-30 09:09:35 - [TEST_STEP][PASSED] - click(findTestObject("Object Repository/Common/btn_Login")): Object: 'Object Repository/Common/btn_Login' is clicked on

2023-06-30 09:09:36 - [MESSAGE][PASSED] - Object: 'Object Repository/Common/btn_Login' is clicked on

2023-06-30 09:09:36 - [TEST_STEP][PASSED] - delay(6): Delayed 6 second(s)

2023-06-30 09:09:42 - [MESSAGE][PASSED] - Delayed 6 second(s)]]></system-out>
         <system-err><![CDATA[]]></system-err>
      </testcase>
      <testcase name="Test Cases/Shopping/TC_SelectDelivery" time="7.436" classname="Test Cases/Shopping/TC_SelectDelivery" status="PASSED">
         <system-out><![CDATA[2023-06-30 09:09:42 - [TEST_CASE][PASSED] - Test Cases/Shopping/TC_SelectDelivery: Test Cases/Shopping/TC_SelectDelivery

2023-06-30 09:09:42 - [TEST_STEP][PASSED] - delay(4): Delayed 4 second(s)

2023-06-30 09:09:46 - [MESSAGE][PASSED] - Delayed 4 second(s)

2023-06-30 09:09:46 - [TEST_STEP][PASSED] - click(findTestObject("Object Repository/pge_Delivery/rdb_DeliveryAddress")): Object: 'Object Repository/pge_Delivery/rdb_DeliveryAddress' is clicked on

2023-06-30 09:09:47 - [MESSAGE][PASSED] - Object: 'Object Repository/pge_Delivery/rdb_DeliveryAddress' is clicked on

2023-06-30 09:09:47 - [TEST_STEP][PASSED] - delay(2): Delayed 2 second(s)

2023-06-30 09:09:49 - [MESSAGE][PASSED] - Delayed 2 second(s)

2023-06-30 09:09:49 - [TEST_STEP][PASSED] - click(findTestObject("Object Repository/pge_Delivery/btn_UseAddress")): Object: 'Object Repository/pge_Delivery/btn_UseAddress' is clicked on

2023-06-30 09:09:49 - [MESSAGE][PASSED] - Object: 'Object Repository/pge_Delivery/btn_UseAddress' is clicked on]]></system-out>
         <system-err><![CDATA[]]></system-err>
      </testcase>
      <system-out><![CDATA[2023-06-30 09:08:00 - [TEST_SUITE][PASSED] - Searech_Checkout: Test Cases/Shopping/TC_SelectDelivery]]></system-out>
      <system-err><![CDATA[]]></system-err>
   </testsuite>
</testsuites>
