<?xml version="1.0" encoding="UTF-8"?>
<testsuites name="Searech_Checkout" time="84.315" tests="5" failures="0" errors="0">
   <testsuite name="Searech_Checkout" tests="5" failures="0" errors="0" time="84.315" skipped="0" timestamp="2023-07-04 11:34:55" hostname="Preethi Kutty - DESKTOP-90FTU1C" id="Test Suites/Searech_Checkout">
      <properties>
         <property name="deviceName" value=""/>
         <property name="devicePlatform" value=""/>
         <property name="logFolder" value="G:\\Preethi\\Amzon\\Reports\\20230704_113206\\Searech_Checkout\\20230704_113236"/>
         <property name="logFiles" value="G:\\Preethi\\Amzon\\Reports\\20230704_113206\\Searech_Checkout\\20230704_113236\\execution0.log"/>
         <property name="attachments" value="keyes\keyes-Deliver to Preethi.png, keyes\keyes-test1.png"/>
         <property name="hostName" value="Preethi Kutty - DESKTOP-90FTU1C"/>
         <property name="os" value="Windows 10 64bit"/>
         <property name="katalonVersion" value="8.5.5.208"/>
         <property name="browser" value="Chrome 114.0.0.0"/>
         <property name="hostAddress" value="169.254.36.255"/>
         <property name="sessionId" value="44dbf40a058bb22062747679448a8476"/>
         <property name="seleniumVersion" value="3.141.59"/>
         <property name="proxyInformation" value="ProxyInformation { proxyOption=NO_PROXY, proxyServerType=HTTP, username=, password=********, proxyServerAddress=, proxyServerPort=0, executionList=&quot;&quot;, isApplyToDesiredCapabilities=true }"/>
         <property name="platform" value="Windows 10"/>
      </properties>
      <testcase name="Test Cases/Common/TC_Launch" time="16.143" classname="Test Cases/Common/TC_Launch" status="PASSED">
         <system-out><![CDATA[2023-07-04 11:34:56 - [TEST_CASE][PASSED] - Test Cases/Common/TC_Launch: Test Cases/Common/TC_Launch

2023-07-04 11:34:56 - [TEST_STEP][PASSED] - openBrowser("https://www.amazon.in/"): Browser is opened with url: 'https://www.amazon.in/'

2023-07-04 11:34:57 - [MESSAGE][INFO] - Starting 'Chrome' driver

2023-07-04 11:34:57 - [MESSAGE][INFO] - Action delay is set to 0 milliseconds

2023-07-04 11:35:07 - [MESSAGE][PASSED] - Browser is opened with url: 'https://www.amazon.in/'

2023-07-04 11:35:07 - [TEST_STEP][PASSED] - maximizeWindow(): Current window maximized

2023-07-04 11:35:08 - [MESSAGE][PASSED] - Current window maximized

2023-07-04 11:35:08 - [TEST_STEP][PASSED] - delay(4): Delayed 4 second(s)

2023-07-04 11:35:12 - [MESSAGE][PASSED] - Delayed 4 second(s)]]></system-out>
         <system-err><![CDATA[]]></system-err>
      </testcase>
      <testcase name="Test Cases/Shopping/TC_FirstSearch" time="33.119" classname="Test Cases/Shopping/TC_FirstSearch" status="PASSED">
         <system-out><![CDATA[2023-07-04 11:35:12 - [TEST_CASE][PASSED] - Test Cases/Shopping/TC_FirstSearch: Test Cases/Shopping/TC_FirstSearch

2023-07-04 11:35:13 - [TEST_STEP][PASSED] - delay(2): Delayed 2 second(s)

2023-07-04 11:35:15 - [MESSAGE][PASSED] - Delayed 2 second(s)

2023-07-04 11:35:15 - [TEST_STEP][PASSED] - click(findTestObject("Object Repository/Search/txt_Search")): Object: 'Object Repository/Search/txt_Search' is clicked on

2023-07-04 11:35:15 - [MESSAGE][PASSED] - Object: 'Object Repository/Search/txt_Search' is clicked on

2023-07-04 11:35:15 - [TEST_STEP][PASSED] - delay(2): Delayed 2 second(s)

2023-07-04 11:35:17 - [MESSAGE][PASSED] - Delayed 2 second(s)

2023-07-04 11:35:17 - [TEST_STEP][PASSED] - setText(findTestObject("Object Repository/Search/txt_Search"), "black water bottle"): Text 'black water bottle' is set on object 'Object Repository/Search/txt_Search'

2023-07-04 11:35:18 - [MESSAGE][PASSED] - Text 'black water bottle' is set on object 'Object Repository/Search/txt_Search'

2023-07-04 11:35:18 - [TEST_STEP][PASSED] - delay(3): Delayed 3 second(s)

2023-07-04 11:35:21 - [MESSAGE][PASSED] - Delayed 3 second(s)

2023-07-04 11:35:21 - [TEST_STEP][PASSED] - sendKeys(findTestObject("Object Repository/Search/txt_Search"), Keys.chord(ENTER)): Keys 'ENTER + ' sent to object: 'Object Repository/Search/txt_Search'

2023-07-04 11:35:26 - [MESSAGE][PASSED] - Keys 'ENTER + ' sent to object: 'Object Repository/Search/txt_Search'

2023-07-04 11:35:26 - [TEST_STEP][PASSED] - delay(2): Delayed 2 second(s)

2023-07-04 11:35:28 - [MESSAGE][PASSED] - Delayed 2 second(s)

2023-07-04 11:35:28 - [TEST_STEP][PASSED] - click(findTestObject("Object Repository/Search/wel_ItemImg")): Object: 'Object Repository/Search/wel_ItemImg' is clicked on

2023-07-04 11:35:29 - [MESSAGE][PASSED] - Object: 'Object Repository/Search/wel_ItemImg' is clicked on

2023-07-04 11:35:29 - [TEST_STEP][PASSED] - delay(4): Delayed 4 second(s)

2023-07-04 11:35:33 - [MESSAGE][PASSED] - Delayed 4 second(s)

2023-07-04 11:35:33 - [TEST_STEP][PASSED] - switchToWindowIndex(1): Switched to window with index: '1'

2023-07-04 11:35:34 - [MESSAGE][PASSED] - Switched to window with index: '1'

2023-07-04 11:35:34 - [TEST_STEP][PASSED] - delay(4): Delayed 4 second(s)

2023-07-04 11:35:38 - [MESSAGE][PASSED] - Delayed 4 second(s)

2023-07-04 11:35:38 - [TEST_STEP][PASSED] - click(findTestObject("Object Repository/Search/btn_AddCart")): Object: 'Object Repository/Search/btn_AddCart' is clicked on

2023-07-04 11:35:43 - [MESSAGE][PASSED] - Object: 'Object Repository/Search/btn_AddCart' is clicked on

2023-07-04 11:35:43 - [TEST_STEP][PASSED] - takeScreenshotAsCheckpoint(testl): Taking screenshot successfully

2023-07-04 11:35:44 - [MESSAGE][INFO] - 0 hidden object(s)

2023-07-04 11:35:45 - [MESSAGE][PASSED] - Taking screenshot successfully
[[ATTACHMENT|keyes\keyes-Deliver to Preethi.png]]]]></system-out>
         <system-err><![CDATA[]]></system-err>
      </testcase>
      <testcase name="Test Cases/Shopping/TC_CheckOut" time="6.997" classname="Test Cases/Shopping/TC_CheckOut" status="PASSED">
         <system-out><![CDATA[2023-07-04 11:35:45 - [TEST_CASE][PASSED] - Test Cases/Shopping/TC_CheckOut: Test Cases/Shopping/TC_CheckOut

2023-07-04 11:35:46 - [TEST_STEP][PASSED] - delay(4): Delayed 4 second(s)

2023-07-04 11:35:50 - [MESSAGE][PASSED] - Delayed 4 second(s)

2023-07-04 11:35:50 - [TEST_STEP][PASSED] - click(findTestObject("Object Repository/pge_CheckOut/btn_CheckOut")): Object: 'Object Repository/pge_CheckOut/btn_CheckOut' is clicked on

2023-07-04 11:35:52 - [MESSAGE][PASSED] - Object: 'Object Repository/pge_CheckOut/btn_CheckOut' is clicked on]]></system-out>
         <system-err><![CDATA[]]></system-err>
      </testcase>
      <testcase name="Test Cases/Common/TC_Inter_Login" time="20.164" classname="Test Cases/Common/TC_Inter_Login" status="PASSED">
         <system-out><![CDATA[2023-07-04 11:35:52 - [TEST_CASE][PASSED] - Test Cases/Common/TC_Inter_Login: Test Cases/Common/TC_Inter_Login

2023-07-04 11:35:53 - [TEST_STEP][PASSED] - delay(2): Delayed 2 second(s)

2023-07-04 11:35:55 - [MESSAGE][PASSED] - Delayed 2 second(s)

2023-07-04 11:35:55 - [TEST_STEP][PASSED] - setText(findTestObject("Object Repository/Common/txt_UserName"), "preethijeffy@gmail.com"): Text 'preethijeffy@gmail.com' is set on object 'Object Repository/Common/txt_UserName'

2023-07-04 11:35:56 - [MESSAGE][PASSED] - Text 'preethijeffy@gmail.com' is set on object 'Object Repository/Common/txt_UserName'

2023-07-04 11:35:56 - [TEST_STEP][PASSED] - delay(1): Delayed 1 second(s)

2023-07-04 11:35:57 - [MESSAGE][PASSED] - Delayed 1 second(s)

2023-07-04 11:35:57 - [TEST_STEP][PASSED] - click(findTestObject("Object Repository/Common/btn_continue")): Object: 'Object Repository/Common/btn_continue' is clicked on

2023-07-04 11:35:58 - [MESSAGE][PASSED] - Object: 'Object Repository/Common/btn_continue' is clicked on

2023-07-04 11:35:58 - [TEST_STEP][PASSED] - delay(4): Delayed 4 second(s)

2023-07-04 11:36:02 - [MESSAGE][PASSED] - Delayed 4 second(s)

2023-07-04 11:36:02 - [TEST_STEP][PASSED] - setText(findTestObject("Object Repository/Common/txt_Password"), "jesuslord1221*"): Text 'jesuslord1221*' is set on object 'Object Repository/Common/txt_Password'

2023-07-04 11:36:03 - [MESSAGE][PASSED] - Text 'jesuslord1221*' is set on object 'Object Repository/Common/txt_Password'

2023-07-04 11:36:03 - [TEST_STEP][PASSED] - delay(2): Delayed 2 second(s)

2023-07-04 11:36:05 - [MESSAGE][PASSED] - Delayed 2 second(s)

2023-07-04 11:36:05 - [TEST_STEP][PASSED] - takeElementScreenshotAsCheckpoint("test1", findTestObject("Common/btn_Login")): Taking screenshot successfully

2023-07-04 11:36:05 - [MESSAGE][WARNING] - Timeout '0' is invalid. Using default page load timeout: '30'

2023-07-04 11:36:06 - [MESSAGE][INFO] - 0 hidden object(s)

2023-07-04 11:36:06 - [MESSAGE][PASSED] - Taking screenshot successfully
[[ATTACHMENT|keyes\keyes-test1.png]]

2023-07-04 11:36:06 - [TEST_STEP][PASSED] - click(findTestObject("Object Repository/Common/btn_Login")): Object: 'Object Repository/Common/btn_Login' is clicked on

2023-07-04 11:36:06 - [MESSAGE][PASSED] - Object: 'Object Repository/Common/btn_Login' is clicked on

2023-07-04 11:36:06 - [TEST_STEP][PASSED] - delay(6): Delayed 6 second(s)

2023-07-04 11:36:12 - [MESSAGE][PASSED] - Delayed 6 second(s)]]></system-out>
         <system-err><![CDATA[]]></system-err>
      </testcase>
      <testcase name="Test Cases/Shopping/TC_SelectDelivery" time="7.389" classname="Test Cases/Shopping/TC_SelectDelivery" status="PASSED">
         <system-out><![CDATA[2023-07-04 11:36:12 - [TEST_CASE][PASSED] - Test Cases/Shopping/TC_SelectDelivery: Test Cases/Shopping/TC_SelectDelivery

2023-07-04 11:36:13 - [TEST_STEP][PASSED] - delay(4): Delayed 4 second(s)

2023-07-04 11:36:17 - [MESSAGE][PASSED] - Delayed 4 second(s)

2023-07-04 11:36:17 - [TEST_STEP][PASSED] - click(findTestObject("Object Repository/pge_Delivery/rdb_DeliveryAddress")): Object: 'Object Repository/pge_Delivery/rdb_DeliveryAddress' is clicked on

2023-07-04 11:36:17 - [MESSAGE][PASSED] - Object: 'Object Repository/pge_Delivery/rdb_DeliveryAddress' is clicked on

2023-07-04 11:36:17 - [TEST_STEP][PASSED] - delay(2): Delayed 2 second(s)

2023-07-04 11:36:19 - [MESSAGE][PASSED] - Delayed 2 second(s)

2023-07-04 11:36:19 - [TEST_STEP][PASSED] - click(findTestObject("Object Repository/pge_Delivery/btn_UseAddress")): Object: 'Object Repository/pge_Delivery/btn_UseAddress' is clicked on

2023-07-04 11:36:20 - [MESSAGE][PASSED] - Object: 'Object Repository/pge_Delivery/btn_UseAddress' is clicked on]]></system-out>
         <system-err><![CDATA[]]></system-err>
      </testcase>
      <system-out><![CDATA[2023-07-04 11:34:55 - [TEST_SUITE][PASSED] - Searech_Checkout: Test Cases/Shopping/TC_SelectDelivery]]></system-out>
      <system-err><![CDATA[]]></system-err>
   </testsuite>
</testsuites>
