<?xml version="1.0" encoding="UTF-8"?>
<testsuites name="Login_search" time="98.353" tests="2" failures="0" errors="0">
   <testsuite name="Login_search" tests="2" failures="0" errors="0" time="98.353" skipped="0" timestamp="2023-06-28 13:43:55" hostname="Preethi Kutty - DESKTOP-90FTU1C" id="Test Suites/Login_search">
      <properties>
         <property name="deviceName" value=""/>
         <property name="devicePlatform" value=""/>
         <property name="logFolder" value="G:\\Preethi\\Amzon\\Reports\\20230628_134332\\Login_search\\20230628_134332"/>
         <property name="logFiles" value="G:\\Preethi\\Amzon\\Reports\\20230628_134332\\Login_search\\20230628_134332\\execution0.log"/>
         <property name="attachments" value=""/>
         <property name="hostName" value="Preethi Kutty - DESKTOP-90FTU1C"/>
         <property name="os" value="Windows 10 64bit"/>
         <property name="katalonVersion" value="8.5.5.208"/>
         <property name="browser" value="Chrome 114.0.0.0"/>
         <property name="hostAddress" value="169.254.36.255"/>
         <property name="sessionId" value="63ac3ff84b51a5aa1c16fa5307a08e7e"/>
         <property name="seleniumVersion" value="3.141.59"/>
         <property name="proxyInformation" value="ProxyInformation { proxyOption=NO_PROXY, proxyServerType=HTTP, username=, password=********, proxyServerAddress=, proxyServerPort=0, executionList=&quot;&quot;, isApplyToDesiredCapabilities=true }"/>
         <property name="platform" value="Windows 10"/>
      </properties>
      <testcase name="Test Cases/Common/Login" time="45.182" classname="Test Cases/Common/Login" status="PASSED">
         <system-out><![CDATA[2023-06-28 13:43:55 - [TEST_CASE][PASSED] - Test Cases/Common/Login: Test Cases/Common/Login

2023-06-28 13:43:56 - [TEST_STEP][PASSED] - openBrowser("https://www.amazon.in/"): Browser is opened with url: 'https://www.amazon.in/'

2023-06-28 13:43:57 - [MESSAGE][INFO] - Starting 'Chrome' driver

2023-06-28 13:43:57 - [MESSAGE][INFO] - Action delay is set to 0 milliseconds

2023-06-28 13:44:13 - [MESSAGE][PASSED] - Browser is opened with url: 'https://www.amazon.in/'

2023-06-28 13:44:13 - [TEST_STEP][PASSED] - maximizeWindow(): Current window maximized

2023-06-28 13:44:14 - [MESSAGE][PASSED] - Current window maximized

2023-06-28 13:44:14 - [TEST_STEP][PASSED] - delay(4): Delayed 4 second(s)

2023-06-28 13:44:18 - [MESSAGE][PASSED] - Delayed 4 second(s)

2023-06-28 13:44:18 - [TEST_STEP][PASSED] - click(findTestObject("Object Repository/Common/lnk_Sign")): Object: 'Object Repository/Common/lnk_Sign' is clicked on

2023-06-28 13:44:21 - [MESSAGE][PASSED] - Object: 'Object Repository/Common/lnk_Sign' is clicked on

2023-06-28 13:44:21 - [TEST_STEP][PASSED] - delay(2): Delayed 2 second(s)

2023-06-28 13:44:23 - [MESSAGE][PASSED] - Delayed 2 second(s)

2023-06-28 13:44:23 - [TEST_STEP][PASSED] - setText(findTestObject("Object Repository/Common/txt_UserName"), "preethijeffy@gmail.com"): Text 'preethijeffy@gmail.com' is set on object 'Object Repository/Common/txt_UserName'

2023-06-28 13:44:24 - [MESSAGE][PASSED] - Text 'preethijeffy@gmail.com' is set on object 'Object Repository/Common/txt_UserName'

2023-06-28 13:44:24 - [TEST_STEP][PASSED] - delay(1): Delayed 1 second(s)

2023-06-28 13:44:25 - [MESSAGE][PASSED] - Delayed 1 second(s)

2023-06-28 13:44:25 - [TEST_STEP][PASSED] - click(findTestObject("Object Repository/Common/btn_continue")): Object: 'Object Repository/Common/btn_continue' is clicked on

2023-06-28 13:44:27 - [MESSAGE][PASSED] - Object: 'Object Repository/Common/btn_continue' is clicked on

2023-06-28 13:44:27 - [TEST_STEP][PASSED] - delay(4): Delayed 4 second(s)

2023-06-28 13:44:31 - [MESSAGE][PASSED] - Delayed 4 second(s)

2023-06-28 13:44:31 - [TEST_STEP][PASSED] - setText(findTestObject("Object Repository/Common/txt_Password"), "jesuslord1221*"): Text 'jesuslord1221*' is set on object 'Object Repository/Common/txt_Password'

2023-06-28 13:44:32 - [MESSAGE][PASSED] - Text 'jesuslord1221*' is set on object 'Object Repository/Common/txt_Password'

2023-06-28 13:44:32 - [TEST_STEP][PASSED] - delay(2): Delayed 2 second(s)

2023-06-28 13:44:34 - [MESSAGE][PASSED] - Delayed 2 second(s)

2023-06-28 13:44:34 - [TEST_STEP][PASSED] - click(findTestObject("Object Repository/Common/btn_Login")): Object: 'Object Repository/Common/btn_Login' is clicked on

2023-06-28 13:44:34 - [MESSAGE][PASSED] - Object: 'Object Repository/Common/btn_Login' is clicked on

2023-06-28 13:44:34 - [TEST_STEP][PASSED] - delay(6): Delayed 6 second(s)

2023-06-28 13:44:40 - [MESSAGE][PASSED] - Delayed 6 second(s)]]></system-out>
         <system-err><![CDATA[]]></system-err>
      </testcase>
      <testcase name="Test Cases/Shopping/Search_Item" time="52.628" classname="Test Cases/Shopping/Search_Item" status="PASSED">
         <system-out><![CDATA[2023-06-28 13:44:40 - [TEST_CASE][PASSED] - Test Cases/Shopping/Search_Item: Test Cases/Shopping/Search_Item

2023-06-28 13:44:41 - [TEST_STEP][PASSED] - delay(2): Delayed 2 second(s)

2023-06-28 13:44:43 - [MESSAGE][PASSED] - Delayed 2 second(s)

2023-06-28 13:44:43 - [TEST_STEP][PASSED] - click(findTestObject("Object Repository/Search/txt_Search")): Object: 'Object Repository/Search/txt_Search' is clicked on

2023-06-28 13:44:44 - [MESSAGE][PASSED] - Object: 'Object Repository/Search/txt_Search' is clicked on

2023-06-28 13:44:44 - [TEST_STEP][PASSED] - delay(2): Delayed 2 second(s)

2023-06-28 13:44:46 - [MESSAGE][PASSED] - Delayed 2 second(s)

2023-06-28 13:44:46 - [TEST_STEP][PASSED] - setText(findTestObject("Object Repository/Search/txt_Search"), "black water bottle"): Text 'black water bottle' is set on object 'Object Repository/Search/txt_Search'

2023-06-28 13:44:47 - [MESSAGE][PASSED] - Text 'black water bottle' is set on object 'Object Repository/Search/txt_Search'

2023-06-28 13:44:47 - [TEST_STEP][PASSED] - delay(3): Delayed 3 second(s)

2023-06-28 13:44:50 - [MESSAGE][PASSED] - Delayed 3 second(s)

2023-06-28 13:44:50 - [TEST_STEP][PASSED] - sendKeys(findTestObject("Object Repository/Search/txt_Search"), Keys.chord(ENTER)): Keys 'ENTER + ' sent to object: 'Object Repository/Search/txt_Search'

2023-06-28 13:45:03 - [MESSAGE][PASSED] - Keys 'ENTER + ' sent to object: 'Object Repository/Search/txt_Search'

2023-06-28 13:45:03 - [TEST_STEP][PASSED] - delay(2): Delayed 2 second(s)

2023-06-28 13:45:05 - [MESSAGE][PASSED] - Delayed 2 second(s)

2023-06-28 13:45:05 - [TEST_STEP][PASSED] - click(findTestObject("Object Repository/Search/wel_ItemImg")): Object: 'Object Repository/Search/wel_ItemImg' is clicked on

2023-06-28 13:45:11 - [MESSAGE][PASSED] - Object: 'Object Repository/Search/wel_ItemImg' is clicked on

2023-06-28 13:45:11 - [TEST_STEP][PASSED] - delay(4): Delayed 4 second(s)

2023-06-28 13:45:15 - [MESSAGE][PASSED] - Delayed 4 second(s)

2023-06-28 13:45:15 - [TEST_STEP][PASSED] - switchToWindowIndex(1): Switched to window with index: '1'

2023-06-28 13:45:15 - [MESSAGE][PASSED] - Switched to window with index: '1'

2023-06-28 13:45:15 - [TEST_STEP][PASSED] - delay(4): Delayed 4 second(s)

2023-06-28 13:45:19 - [MESSAGE][PASSED] - Delayed 4 second(s)

2023-06-28 13:45:19 - [TEST_STEP][PASSED] - click(findTestObject("Object Repository/Search/btn_AddCart")): Object: 'Object Repository/Search/btn_AddCart' is clicked on

2023-06-28 13:45:33 - [MESSAGE][PASSED] - Object: 'Object Repository/Search/btn_AddCart' is clicked on]]></system-out>
         <system-err><![CDATA[]]></system-err>
      </testcase>
      <system-out><![CDATA[2023-06-28 13:43:55 - [TEST_SUITE][PASSED] - Login_search: Test Cases/Shopping/Search_Item]]></system-out>
      <system-err><![CDATA[]]></system-err>
   </testsuite>
</testsuites>
