<?xml version="1.0" encoding="UTF-8"?>
<testsuites name="Login_search" time="85.276" tests="4" failures="0" errors="0">
   <testsuite name="Login_search" tests="4" failures="0" errors="0" time="85.276" skipped="0" timestamp="2023-07-04 11:33:07" hostname="Preethi Kutty - DESKTOP-90FTU1C" id="Test Suites/Login_search">
      <properties>
         <property name="deviceName" value=""/>
         <property name="devicePlatform" value=""/>
         <property name="logFolder" value="G:\\Preethi\\Amzon\\Reports\\20230704_113206\\Login_search\\20230704_113217"/>
         <property name="logFiles" value="G:\\Preethi\\Amzon\\Reports\\20230704_113206\\Login_search\\20230704_113217\\execution0.log"/>
         <property name="attachments" value="keyes\keyes-test1.png, keyes\keyes-Deliver to Preethi.png"/>
         <property name="hostName" value="Preethi Kutty - DESKTOP-90FTU1C"/>
         <property name="os" value="Windows 10 64bit"/>
         <property name="katalonVersion" value="8.5.5.208"/>
         <property name="browser" value="Chrome 114.0.0.0"/>
         <property name="hostAddress" value="169.254.36.255"/>
         <property name="sessionId" value="e5fc98edd959bf1485a203b6a01b5f26"/>
         <property name="seleniumVersion" value="3.141.59"/>
         <property name="proxyInformation" value="ProxyInformation { proxyOption=NO_PROXY, proxyServerType=HTTP, username=, password=********, proxyServerAddress=, proxyServerPort=0, executionList=&quot;&quot;, isApplyToDesiredCapabilities=true }"/>
         <property name="platform" value="Windows 10"/>
      </properties>
      <testcase name="Test Cases/Common/Login" time="36.854" classname="Test Cases/Common/Login" status="PASSED">
         <system-out><![CDATA[2023-07-04 11:33:07 - [TEST_CASE][PASSED] - Test Cases/Common/Login: Test Cases/Common/Login

2023-07-04 11:33:08 - [TEST_STEP][PASSED] - openBrowser("https://www.amazon.in/"): Browser is opened with url: 'https://www.amazon.in/'

2023-07-04 11:33:09 - [MESSAGE][INFO] - Starting 'Chrome' driver

2023-07-04 11:33:09 - [MESSAGE][INFO] - Action delay is set to 0 milliseconds

2023-07-04 11:33:19 - [MESSAGE][PASSED] - Browser is opened with url: 'https://www.amazon.in/'

2023-07-04 11:33:19 - [TEST_STEP][PASSED] - maximizeWindow(): Current window maximized

2023-07-04 11:33:19 - [MESSAGE][PASSED] - Current window maximized

2023-07-04 11:33:19 - [TEST_STEP][PASSED] - delay(4): Delayed 4 second(s)

2023-07-04 11:33:23 - [MESSAGE][PASSED] - Delayed 4 second(s)

2023-07-04 11:33:23 - [TEST_STEP][PASSED] - click(findTestObject("Object Repository/Common/lnk_Sign")): Object: 'Object Repository/Common/lnk_Sign' is clicked on

2023-07-04 11:33:25 - [MESSAGE][PASSED] - Object: 'Object Repository/Common/lnk_Sign' is clicked on

2023-07-04 11:33:25 - [TEST_STEP][PASSED] - delay(2): Delayed 2 second(s)

2023-07-04 11:33:27 - [MESSAGE][PASSED] - Delayed 2 second(s)

2023-07-04 11:33:27 - [TEST_STEP][PASSED] - setText(findTestObject("Object Repository/Common/txt_UserName"), "preethijeffy@gmail.com"): Text 'preethijeffy@gmail.com' is set on object 'Object Repository/Common/txt_UserName'

2023-07-04 11:33:28 - [MESSAGE][PASSED] - Text 'preethijeffy@gmail.com' is set on object 'Object Repository/Common/txt_UserName'

2023-07-04 11:33:28 - [TEST_STEP][PASSED] - delay(1): Delayed 1 second(s)

2023-07-04 11:33:29 - [MESSAGE][PASSED] - Delayed 1 second(s)

2023-07-04 11:33:29 - [TEST_STEP][PASSED] - click(findTestObject("Object Repository/Common/btn_continue")): Object: 'Object Repository/Common/btn_continue' is clicked on

2023-07-04 11:33:30 - [MESSAGE][PASSED] - Object: 'Object Repository/Common/btn_continue' is clicked on

2023-07-04 11:33:30 - [TEST_STEP][PASSED] - delay(4): Delayed 4 second(s)

2023-07-04 11:33:34 - [MESSAGE][PASSED] - Delayed 4 second(s)

2023-07-04 11:33:34 - [TEST_STEP][PASSED] - setText(findTestObject("Object Repository/Common/txt_Password"), "jesuslord1221*"): Text 'jesuslord1221*' is set on object 'Object Repository/Common/txt_Password'

2023-07-04 11:33:35 - [MESSAGE][PASSED] - Text 'jesuslord1221*' is set on object 'Object Repository/Common/txt_Password'

2023-07-04 11:33:35 - [TEST_STEP][PASSED] - delay(2): Delayed 2 second(s)

2023-07-04 11:33:37 - [MESSAGE][PASSED] - Delayed 2 second(s)

2023-07-04 11:33:37 - [TEST_STEP][PASSED] - takeElementScreenshotAsCheckpoint("test1", findTestObject("Common/btn_Login")): Taking screenshot successfully

2023-07-04 11:33:37 - [MESSAGE][WARNING] - Timeout '0' is invalid. Using default page load timeout: '30'

2023-07-04 11:33:38 - [MESSAGE][INFO] - 0 hidden object(s)

2023-07-04 11:33:38 - [MESSAGE][PASSED] - Taking screenshot successfully
[[ATTACHMENT|keyes\keyes-test1.png]]

2023-07-04 11:33:38 - [TEST_STEP][PASSED] - click(findTestObject("Object Repository/Common/btn_Login")): Object: 'Object Repository/Common/btn_Login' is clicked on

2023-07-04 11:33:38 - [MESSAGE][PASSED] - Object: 'Object Repository/Common/btn_Login' is clicked on

2023-07-04 11:33:38 - [TEST_STEP][PASSED] - delay(6): Delayed 6 second(s)

2023-07-04 11:33:44 - [MESSAGE][PASSED] - Delayed 6 second(s)]]></system-out>
         <system-err><![CDATA[]]></system-err>
      </testcase>
      <testcase name="Test Cases/Shopping/Search_Item" time="31.177" classname="Test Cases/Shopping/Search_Item" status="PASSED">
         <system-out><![CDATA[2023-07-04 11:33:44 - [TEST_CASE][PASSED] - Test Cases/Shopping/Search_Item: Test Cases/Shopping/Search_Item

2023-07-04 11:33:45 - [TEST_STEP][PASSED] - delay(2): Delayed 2 second(s)

2023-07-04 11:33:47 - [MESSAGE][PASSED] - Delayed 2 second(s)

2023-07-04 11:33:47 - [TEST_STEP][PASSED] - click(findTestObject("Object Repository/Search/txt_Search")): Object: 'Object Repository/Search/txt_Search' is clicked on

2023-07-04 11:33:48 - [MESSAGE][PASSED] - Object: 'Object Repository/Search/txt_Search' is clicked on

2023-07-04 11:33:48 - [TEST_STEP][PASSED] - delay(2): Delayed 2 second(s)

2023-07-04 11:33:50 - [MESSAGE][PASSED] - Delayed 2 second(s)

2023-07-04 11:33:50 - [TEST_STEP][PASSED] - setText(findTestObject("Object Repository/Search/txt_Search"), "black water bottle"): Text 'black water bottle' is set on object 'Object Repository/Search/txt_Search'

2023-07-04 11:33:51 - [MESSAGE][PASSED] - Text 'black water bottle' is set on object 'Object Repository/Search/txt_Search'

2023-07-04 11:33:51 - [TEST_STEP][PASSED] - delay(3): Delayed 3 second(s)

2023-07-04 11:33:54 - [MESSAGE][PASSED] - Delayed 3 second(s)

2023-07-04 11:33:54 - [TEST_STEP][PASSED] - sendKeys(findTestObject("Object Repository/Search/txt_Search"), Keys.chord(ENTER)): Keys 'ENTER + ' sent to object: 'Object Repository/Search/txt_Search'

2023-07-04 11:34:00 - [MESSAGE][PASSED] - Keys 'ENTER + ' sent to object: 'Object Repository/Search/txt_Search'

2023-07-04 11:34:00 - [TEST_STEP][PASSED] - delay(2): Delayed 2 second(s)

2023-07-04 11:34:02 - [MESSAGE][PASSED] - Delayed 2 second(s)

2023-07-04 11:34:02 - [TEST_STEP][PASSED] - click(findTestObject("Object Repository/Search/wel_ItemImg")): Object: 'Object Repository/Search/wel_ItemImg' is clicked on

2023-07-04 11:34:03 - [MESSAGE][PASSED] - Object: 'Object Repository/Search/wel_ItemImg' is clicked on

2023-07-04 11:34:03 - [TEST_STEP][PASSED] - delay(4): Delayed 4 second(s)

2023-07-04 11:34:07 - [MESSAGE][PASSED] - Delayed 4 second(s)

2023-07-04 11:34:07 - [TEST_STEP][PASSED] - switchToWindowIndex(1): Switched to window with index: '1'

2023-07-04 11:34:08 - [MESSAGE][PASSED] - Switched to window with index: '1'

2023-07-04 11:34:08 - [TEST_STEP][PASSED] - delay(4): Delayed 4 second(s)

2023-07-04 11:34:12 - [MESSAGE][PASSED] - Delayed 4 second(s)

2023-07-04 11:34:12 - [TEST_STEP][PASSED] - click(findTestObject("Object Repository/Search/btn_AddCart")): Object: 'Object Repository/Search/btn_AddCart' is clicked on

2023-07-04 11:34:14 - [MESSAGE][PASSED] - Object: 'Object Repository/Search/btn_AddCart' is clicked on

2023-07-04 11:34:14 - [TEST_STEP][PASSED] - takeScreenshotAsCheckpoint(testl): Taking screenshot successfully

2023-07-04 11:34:15 - [MESSAGE][INFO] - 0 hidden object(s)

2023-07-04 11:34:15 - [MESSAGE][PASSED] - Taking screenshot successfully
[[ATTACHMENT|keyes\keyes-Deliver to Preethi.png]]]]></system-out>
         <system-err><![CDATA[]]></system-err>
      </testcase>
      <testcase name="Test Cases/Shopping/TC_CheckOut" time="9.318" classname="Test Cases/Shopping/TC_CheckOut" status="PASSED">
         <system-out><![CDATA[2023-07-04 11:34:15 - [TEST_CASE][PASSED] - Test Cases/Shopping/TC_CheckOut: Test Cases/Shopping/TC_CheckOut

2023-07-04 11:34:16 - [TEST_STEP][PASSED] - delay(4): Delayed 4 second(s)

2023-07-04 11:34:20 - [MESSAGE][PASSED] - Delayed 4 second(s)

2023-07-04 11:34:20 - [TEST_STEP][PASSED] - click(findTestObject("Object Repository/pge_CheckOut/btn_CheckOut")): Object: 'Object Repository/pge_CheckOut/btn_CheckOut' is clicked on

2023-07-04 11:34:25 - [MESSAGE][PASSED] - Object: 'Object Repository/pge_CheckOut/btn_CheckOut' is clicked on]]></system-out>
         <system-err><![CDATA[]]></system-err>
      </testcase>
      <testcase name="Test Cases/Shopping/TC_SelectDelivery" time="7.362" classname="Test Cases/Shopping/TC_SelectDelivery" status="PASSED">
         <system-out><![CDATA[2023-07-04 11:34:25 - [TEST_CASE][PASSED] - Test Cases/Shopping/TC_SelectDelivery: Test Cases/Shopping/TC_SelectDelivery

2023-07-04 11:34:25 - [TEST_STEP][PASSED] - delay(4): Delayed 4 second(s)

2023-07-04 11:34:29 - [MESSAGE][PASSED] - Delayed 4 second(s)

2023-07-04 11:34:29 - [TEST_STEP][PASSED] - click(findTestObject("Object Repository/pge_Delivery/rdb_DeliveryAddress")): Object: 'Object Repository/pge_Delivery/rdb_DeliveryAddress' is clicked on

2023-07-04 11:34:30 - [MESSAGE][PASSED] - Object: 'Object Repository/pge_Delivery/rdb_DeliveryAddress' is clicked on

2023-07-04 11:34:30 - [TEST_STEP][PASSED] - delay(2): Delayed 2 second(s)

2023-07-04 11:34:32 - [MESSAGE][PASSED] - Delayed 2 second(s)

2023-07-04 11:34:32 - [TEST_STEP][PASSED] - click(findTestObject("Object Repository/pge_Delivery/btn_UseAddress")): Object: 'Object Repository/pge_Delivery/btn_UseAddress' is clicked on

2023-07-04 11:34:32 - [MESSAGE][PASSED] - Object: 'Object Repository/pge_Delivery/btn_UseAddress' is clicked on]]></system-out>
         <system-err><![CDATA[]]></system-err>
      </testcase>
      <system-out><![CDATA[2023-07-04 11:33:07 - [TEST_SUITE][PASSED] - Login_search: Test Cases/Shopping/TC_SelectDelivery]]></system-out>
      <system-err><![CDATA[]]></system-err>
   </testsuite>
</testsuites>
