<?xml version="1.0" encoding="UTF-8"?>
<testsuites name="Login_search" time="89.022" tests="2" failures="0" errors="0">
   <testsuite name="Login_search" tests="2" failures="0" errors="0" time="89.022" skipped="0" timestamp="2023-06-24 23:31:38" hostname="Preethi Kutty - DESKTOP-90FTU1C" id="Test Suites/Login_search">
      <properties>
         <property name="deviceName" value=""/>
         <property name="devicePlatform" value=""/>
         <property name="logFolder" value="G:\\Preethi\\Amzon\\Reports\\20230624_233125\\Login_search\\20230624_233125"/>
         <property name="logFiles" value="G:\\Preethi\\Amzon\\Reports\\20230624_233125\\Login_search\\20230624_233125\\execution0.log"/>
         <property name="attachments" value=""/>
         <property name="hostName" value="Preethi Kutty - DESKTOP-90FTU1C"/>
         <property name="os" value="Windows 10 64bit"/>
         <property name="katalonVersion" value="8.5.5.208"/>
         <property name="browser" value="Chrome 114.0.0.0"/>
         <property name="hostAddress" value="169.254.36.255"/>
         <property name="sessionId" value="d13b39567e0c32542c1815ae8716cf80"/>
         <property name="seleniumVersion" value="3.141.59"/>
         <property name="proxyInformation" value="ProxyInformation { proxyOption=NO_PROXY, proxyServerType=HTTP, username=, password=********, proxyServerAddress=, proxyServerPort=0, executionList=&quot;&quot;, isApplyToDesiredCapabilities=true }"/>
         <property name="platform" value="Windows 10"/>
      </properties>
      <testcase name="Test Cases/Common/Login" time="44.814" classname="Test Cases/Common/Login" status="PASSED">
         <system-out><![CDATA[2023-06-24 23:31:39 - [TEST_CASE][PASSED] - Test Cases/Common/Login: Test Cases/Common/Login

2023-06-24 23:31:39 - [TEST_STEP][PASSED] - openBrowser("https://www.amazon.in/"): Browser is opened with url: 'https://www.amazon.in/'

2023-06-24 23:31:40 - [MESSAGE][INFO] - Starting 'Chrome' driver

2023-06-24 23:31:40 - [MESSAGE][INFO] - Action delay is set to 0 milliseconds

2023-06-24 23:31:59 - [MESSAGE][PASSED] - Browser is opened with url: 'https://www.amazon.in/'

2023-06-24 23:31:59 - [TEST_STEP][PASSED] - maximizeWindow(): Current window maximized

2023-06-24 23:32:00 - [MESSAGE][PASSED] - Current window maximized

2023-06-24 23:32:00 - [TEST_STEP][PASSED] - delay(4): Delayed 4 second(s)

2023-06-24 23:32:04 - [MESSAGE][PASSED] - Delayed 4 second(s)

2023-06-24 23:32:04 - [TEST_STEP][PASSED] - click(findTestObject("Object Repository/Common/lnk_Sign")): Object: 'Object Repository/Common/lnk_Sign' is clicked on

2023-06-24 23:32:10 - [MESSAGE][PASSED] - Object: 'Object Repository/Common/lnk_Sign' is clicked on

2023-06-24 23:32:10 - [TEST_STEP][PASSED] - delay(2): Delayed 2 second(s)

2023-06-24 23:32:12 - [MESSAGE][PASSED] - Delayed 2 second(s)

2023-06-24 23:32:12 - [TEST_STEP][PASSED] - setText(findTestObject("Object Repository/Common/txt_UserName"), "preethijeffy@gmail.com"): Text 'preethijeffy@gmail.com' is set on object 'Object Repository/Common/txt_UserName'

2023-06-24 23:32:13 - [MESSAGE][PASSED] - Text 'preethijeffy@gmail.com' is set on object 'Object Repository/Common/txt_UserName'

2023-06-24 23:32:13 - [TEST_STEP][PASSED] - delay(1): Delayed 1 second(s)

2023-06-24 23:32:14 - [MESSAGE][PASSED] - Delayed 1 second(s)

2023-06-24 23:32:14 - [TEST_STEP][PASSED] - click(findTestObject("Object Repository/Common/btn_continue")): Object: 'Object Repository/Common/btn_continue' is clicked on

2023-06-24 23:32:16 - [MESSAGE][PASSED] - Object: 'Object Repository/Common/btn_continue' is clicked on

2023-06-24 23:32:16 - [TEST_STEP][PASSED] - delay(4): Delayed 4 second(s)

2023-06-24 23:32:20 - [MESSAGE][PASSED] - Delayed 4 second(s)

2023-06-24 23:32:20 - [TEST_STEP][PASSED] - setText(findTestObject("Object Repository/Common/txt_Password"), "jesuslord1221*"): Text 'jesuslord1221*' is set on object 'Object Repository/Common/txt_Password'

2023-06-24 23:32:21 - [MESSAGE][PASSED] - Text 'jesuslord1221*' is set on object 'Object Repository/Common/txt_Password'

2023-06-24 23:32:21 - [TEST_STEP][PASSED] - delay(2): Delayed 2 second(s)

2023-06-24 23:32:23 - [MESSAGE][PASSED] - Delayed 2 second(s)

2023-06-24 23:32:23 - [TEST_STEP][PASSED] - click(findTestObject("Object Repository/Common/btn_Login")): Object: 'Object Repository/Common/btn_Login' is clicked on

2023-06-24 23:32:23 - [MESSAGE][PASSED] - Object: 'Object Repository/Common/btn_Login' is clicked on]]></system-out>
         <system-err><![CDATA[]]></system-err>
      </testcase>
      <testcase name="Test Cases/Shopping/Search_Item" time="43.71" classname="Test Cases/Shopping/Search_Item" status="PASSED">
         <system-out><![CDATA[2023-06-24 23:32:23 - [TEST_CASE][PASSED] - Test Cases/Shopping/Search_Item: Test Cases/Shopping/Search_Item

2023-06-24 23:32:24 - [TEST_STEP][PASSED] - delay(4): Delayed 4 second(s)

2023-06-24 23:32:28 - [MESSAGE][PASSED] - Delayed 4 second(s)

2023-06-24 23:32:28 - [TEST_STEP][PASSED] - click(findTestObject("Object Repository/Search/txt_Search")): Object: 'Object Repository/Search/txt_Search' is clicked on

2023-06-24 23:32:51 - [MESSAGE][PASSED] - Object: 'Object Repository/Search/txt_Search' is clicked on

2023-06-24 23:32:51 - [TEST_STEP][PASSED] - delay(2): Delayed 2 second(s)

2023-06-24 23:32:53 - [MESSAGE][PASSED] - Delayed 2 second(s)

2023-06-24 23:32:53 - [TEST_STEP][PASSED] - setText(findTestObject("Object Repository/Search/txt_Search"), "black water bottle"): Text 'black water bottle' is set on object 'Object Repository/Search/txt_Search'

2023-06-24 23:32:54 - [MESSAGE][PASSED] - Text 'black water bottle' is set on object 'Object Repository/Search/txt_Search'

2023-06-24 23:32:54 - [TEST_STEP][PASSED] - delay(2): Delayed 2 second(s)

2023-06-24 23:32:56 - [MESSAGE][PASSED] - Delayed 2 second(s)

2023-06-24 23:32:56 - [TEST_STEP][PASSED] - click(findTestObject("Object Repository/Search/wel_ItemImg")): Object: 'Object Repository/Search/wel_ItemImg' is clicked on

2023-06-24 23:33:07 - [MESSAGE][PASSED] - Object: 'Object Repository/Search/wel_ItemImg' is clicked on]]></system-out>
         <system-err><![CDATA[]]></system-err>
      </testcase>
      <system-out><![CDATA[2023-06-24 23:31:38 - [TEST_SUITE][PASSED] - Login_search: Test Cases/Shopping/Search_Item]]></system-out>
      <system-err><![CDATA[]]></system-err>
   </testsuite>
</testsuites>
