<?xml version="1.0" encoding="UTF-8"?>
<testsuites name="Login_search" time="87.615" tests="4" failures="0" errors="0">
   <testsuite name="Login_search" tests="4" failures="0" errors="0" time="87.615" skipped="0" timestamp="2023-07-04 10:21:21" hostname="Preethi Kutty - DESKTOP-90FTU1C" id="Test Suites/Login_search">
      <properties>
         <property name="deviceName" value=""/>
         <property name="devicePlatform" value=""/>
         <property name="logFolder" value="G:\\Preethi\\Amzon\\Reports\\20230704_102100\\Login_search\\20230704_102100"/>
         <property name="logFiles" value="G:\\Preethi\\Amzon\\Reports\\20230704_102100\\Login_search\\20230704_102100\\execution0.log"/>
         <property name="attachments" value="keyes\keyes-test1.png, keyes\keyes-Deliver to Preethi.png"/>
         <property name="hostName" value="Preethi Kutty - DESKTOP-90FTU1C"/>
         <property name="os" value="Windows 10 64bit"/>
         <property name="katalonVersion" value="8.5.5.208"/>
         <property name="browser" value="Chrome 114.0.0.0"/>
         <property name="hostAddress" value="169.254.36.255"/>
         <property name="sessionId" value="46d23eccab5871471791fa48b8278688"/>
         <property name="seleniumVersion" value="3.141.59"/>
         <property name="proxyInformation" value="ProxyInformation { proxyOption=NO_PROXY, proxyServerType=HTTP, username=, password=********, proxyServerAddress=, proxyServerPort=0, executionList=&quot;&quot;, isApplyToDesiredCapabilities=true }"/>
         <property name="platform" value="Windows 10"/>
      </properties>
      <testcase name="Test Cases/Common/Login" time="36.633" classname="Test Cases/Common/Login" status="PASSED">
         <system-out><![CDATA[2023-07-04 10:21:21 - [TEST_CASE][PASSED] - Test Cases/Common/Login: Test Cases/Common/Login

2023-07-04 10:21:22 - [TEST_STEP][PASSED] - openBrowser("https://www.amazon.in/"): Browser is opened with url: 'https://www.amazon.in/'

2023-07-04 10:21:22 - [MESSAGE][INFO] - Starting 'Chrome' driver

2023-07-04 10:21:22 - [MESSAGE][INFO] - Action delay is set to 0 milliseconds

2023-07-04 10:21:32 - [MESSAGE][PASSED] - Browser is opened with url: 'https://www.amazon.in/'

2023-07-04 10:21:32 - [TEST_STEP][PASSED] - maximizeWindow(): Current window maximized

2023-07-04 10:21:32 - [MESSAGE][PASSED] - Current window maximized

2023-07-04 10:21:32 - [TEST_STEP][PASSED] - delay(4): Delayed 4 second(s)

2023-07-04 10:21:36 - [MESSAGE][PASSED] - Delayed 4 second(s)

2023-07-04 10:21:36 - [TEST_STEP][PASSED] - click(findTestObject("Object Repository/Common/lnk_Sign")): Object: 'Object Repository/Common/lnk_Sign' is clicked on

2023-07-04 10:21:38 - [MESSAGE][PASSED] - Object: 'Object Repository/Common/lnk_Sign' is clicked on

2023-07-04 10:21:38 - [TEST_STEP][PASSED] - delay(2): Delayed 2 second(s)

2023-07-04 10:21:40 - [MESSAGE][PASSED] - Delayed 2 second(s)

2023-07-04 10:21:40 - [TEST_STEP][PASSED] - setText(findTestObject("Object Repository/Common/txt_UserName"), "preethijeffy@gmail.com"): Text 'preethijeffy@gmail.com' is set on object 'Object Repository/Common/txt_UserName'

2023-07-04 10:21:41 - [MESSAGE][PASSED] - Text 'preethijeffy@gmail.com' is set on object 'Object Repository/Common/txt_UserName'

2023-07-04 10:21:41 - [TEST_STEP][PASSED] - delay(1): Delayed 1 second(s)

2023-07-04 10:21:42 - [MESSAGE][PASSED] - Delayed 1 second(s)

2023-07-04 10:21:42 - [TEST_STEP][PASSED] - click(findTestObject("Object Repository/Common/btn_continue")): Object: 'Object Repository/Common/btn_continue' is clicked on

2023-07-04 10:21:44 - [MESSAGE][PASSED] - Object: 'Object Repository/Common/btn_continue' is clicked on

2023-07-04 10:21:44 - [TEST_STEP][PASSED] - delay(4): Delayed 4 second(s)

2023-07-04 10:21:48 - [MESSAGE][PASSED] - Delayed 4 second(s)

2023-07-04 10:21:48 - [TEST_STEP][PASSED] - setText(findTestObject("Object Repository/Common/txt_Password"), "jesuslord1221*"): Text 'jesuslord1221*' is set on object 'Object Repository/Common/txt_Password'

2023-07-04 10:21:48 - [MESSAGE][PASSED] - Text 'jesuslord1221*' is set on object 'Object Repository/Common/txt_Password'

2023-07-04 10:21:48 - [TEST_STEP][PASSED] - delay(2): Delayed 2 second(s)

2023-07-04 10:21:50 - [MESSAGE][PASSED] - Delayed 2 second(s)

2023-07-04 10:21:50 - [TEST_STEP][PASSED] - takeElementScreenshotAsCheckpoint("test1", findTestObject("Common/btn_Login")): Taking screenshot successfully

2023-07-04 10:21:51 - [MESSAGE][WARNING] - Timeout '0' is invalid. Using default page load timeout: '30'

2023-07-04 10:21:51 - [MESSAGE][INFO] - 0 hidden object(s)

2023-07-04 10:21:51 - [MESSAGE][PASSED] - Taking screenshot successfully
[[ATTACHMENT|keyes\keyes-test1.png]]

2023-07-04 10:21:51 - [TEST_STEP][PASSED] - click(findTestObject("Object Repository/Common/btn_Login")): Object: 'Object Repository/Common/btn_Login' is clicked on

2023-07-04 10:21:52 - [MESSAGE][PASSED] - Object: 'Object Repository/Common/btn_Login' is clicked on

2023-07-04 10:21:52 - [TEST_STEP][PASSED] - delay(6): Delayed 6 second(s)

2023-07-04 10:21:58 - [MESSAGE][PASSED] - Delayed 6 second(s)]]></system-out>
         <system-err><![CDATA[]]></system-err>
      </testcase>
      <testcase name="Test Cases/Shopping/Search_Item" time="33.315" classname="Test Cases/Shopping/Search_Item" status="PASSED">
         <system-out><![CDATA[2023-07-04 10:21:58 - [TEST_CASE][PASSED] - Test Cases/Shopping/Search_Item: Test Cases/Shopping/Search_Item

2023-07-04 10:21:59 - [TEST_STEP][PASSED] - delay(2): Delayed 2 second(s)

2023-07-04 10:22:01 - [MESSAGE][PASSED] - Delayed 2 second(s)

2023-07-04 10:22:01 - [TEST_STEP][PASSED] - click(findTestObject("Object Repository/Search/txt_Search")): Object: 'Object Repository/Search/txt_Search' is clicked on

2023-07-04 10:22:01 - [MESSAGE][PASSED] - Object: 'Object Repository/Search/txt_Search' is clicked on

2023-07-04 10:22:01 - [TEST_STEP][PASSED] - delay(2): Delayed 2 second(s)

2023-07-04 10:22:03 - [MESSAGE][PASSED] - Delayed 2 second(s)

2023-07-04 10:22:03 - [TEST_STEP][PASSED] - setText(findTestObject("Object Repository/Search/txt_Search"), "black water bottle"): Text 'black water bottle' is set on object 'Object Repository/Search/txt_Search'

2023-07-04 10:22:05 - [MESSAGE][PASSED] - Text 'black water bottle' is set on object 'Object Repository/Search/txt_Search'

2023-07-04 10:22:05 - [TEST_STEP][PASSED] - delay(3): Delayed 3 second(s)

2023-07-04 10:22:08 - [MESSAGE][PASSED] - Delayed 3 second(s)

2023-07-04 10:22:08 - [TEST_STEP][PASSED] - sendKeys(findTestObject("Object Repository/Search/txt_Search"), Keys.chord(ENTER)): Keys 'ENTER + ' sent to object: 'Object Repository/Search/txt_Search'

2023-07-04 10:22:15 - [MESSAGE][PASSED] - Keys 'ENTER + ' sent to object: 'Object Repository/Search/txt_Search'

2023-07-04 10:22:15 - [TEST_STEP][PASSED] - delay(2): Delayed 2 second(s)

2023-07-04 10:22:17 - [MESSAGE][PASSED] - Delayed 2 second(s)

2023-07-04 10:22:17 - [TEST_STEP][PASSED] - click(findTestObject("Object Repository/Search/wel_ItemImg")): Object: 'Object Repository/Search/wel_ItemImg' is clicked on

2023-07-04 10:22:18 - [MESSAGE][PASSED] - Object: 'Object Repository/Search/wel_ItemImg' is clicked on

2023-07-04 10:22:18 - [TEST_STEP][PASSED] - delay(4): Delayed 4 second(s)

2023-07-04 10:22:22 - [MESSAGE][PASSED] - Delayed 4 second(s)

2023-07-04 10:22:22 - [TEST_STEP][PASSED] - switchToWindowIndex(1): Switched to window with index: '1'

2023-07-04 10:22:23 - [MESSAGE][PASSED] - Switched to window with index: '1'

2023-07-04 10:22:23 - [TEST_STEP][PASSED] - delay(4): Delayed 4 second(s)

2023-07-04 10:22:27 - [MESSAGE][PASSED] - Delayed 4 second(s)

2023-07-04 10:22:27 - [TEST_STEP][PASSED] - click(findTestObject("Object Repository/Search/btn_AddCart")): Object: 'Object Repository/Search/btn_AddCart' is clicked on

2023-07-04 10:22:29 - [MESSAGE][PASSED] - Object: 'Object Repository/Search/btn_AddCart' is clicked on

2023-07-04 10:22:29 - [TEST_STEP][PASSED] - takeScreenshotAsCheckpoint(testl): Taking screenshot successfully

2023-07-04 10:22:31 - [MESSAGE][INFO] - 0 hidden object(s)

2023-07-04 10:22:31 - [MESSAGE][PASSED] - Taking screenshot successfully
[[ATTACHMENT|keyes\keyes-Deliver to Preethi.png]]]]></system-out>
         <system-err><![CDATA[]]></system-err>
      </testcase>
      <testcase name="Test Cases/Shopping/TC_CheckOut" time="9.733" classname="Test Cases/Shopping/TC_CheckOut" status="PASSED">
         <system-out><![CDATA[2023-07-04 10:22:31 - [TEST_CASE][PASSED] - Test Cases/Shopping/TC_CheckOut: Test Cases/Shopping/TC_CheckOut

2023-07-04 10:22:32 - [TEST_STEP][PASSED] - delay(4): Delayed 4 second(s)

2023-07-04 10:22:36 - [MESSAGE][PASSED] - Delayed 4 second(s)

2023-07-04 10:22:36 - [TEST_STEP][PASSED] - click(findTestObject("Object Repository/pge_CheckOut/btn_CheckOut")): Object: 'Object Repository/pge_CheckOut/btn_CheckOut' is clicked on

2023-07-04 10:22:41 - [MESSAGE][PASSED] - Object: 'Object Repository/pge_CheckOut/btn_CheckOut' is clicked on]]></system-out>
         <system-err><![CDATA[]]></system-err>
      </testcase>
      <testcase name="Test Cases/Shopping/TC_SelectDelivery" time="7.439" classname="Test Cases/Shopping/TC_SelectDelivery" status="PASSED">
         <system-out><![CDATA[2023-07-04 10:22:41 - [TEST_CASE][PASSED] - Test Cases/Shopping/TC_SelectDelivery: Test Cases/Shopping/TC_SelectDelivery

2023-07-04 10:22:41 - [TEST_STEP][PASSED] - delay(4): Delayed 4 second(s)

2023-07-04 10:22:45 - [MESSAGE][PASSED] - Delayed 4 second(s)

2023-07-04 10:22:45 - [TEST_STEP][PASSED] - click(findTestObject("Object Repository/pge_Delivery/rdb_DeliveryAddress")): Object: 'Object Repository/pge_Delivery/rdb_DeliveryAddress' is clicked on

2023-07-04 10:22:46 - [MESSAGE][PASSED] - Object: 'Object Repository/pge_Delivery/rdb_DeliveryAddress' is clicked on

2023-07-04 10:22:46 - [TEST_STEP][PASSED] - delay(2): Delayed 2 second(s)

2023-07-04 10:22:48 - [MESSAGE][PASSED] - Delayed 2 second(s)

2023-07-04 10:22:48 - [TEST_STEP][PASSED] - click(findTestObject("Object Repository/pge_Delivery/btn_UseAddress")): Object: 'Object Repository/pge_Delivery/btn_UseAddress' is clicked on

2023-07-04 10:22:48 - [MESSAGE][PASSED] - Object: 'Object Repository/pge_Delivery/btn_UseAddress' is clicked on]]></system-out>
         <system-err><![CDATA[]]></system-err>
      </testcase>
      <system-out><![CDATA[2023-07-04 10:21:21 - [TEST_SUITE][PASSED] - Login_search: Test Cases/Shopping/TC_SelectDelivery]]></system-out>
      <system-err><![CDATA[]]></system-err>
   </testsuite>
</testsuites>
